1649765060733	geckodriver	INFO	Listening on 127.0.0.1:55701
1649765063835	mozrunner::runner	INFO	Running command: "C:\\Program Files\\Firefox Developer Edition\\firefox.exe" "--marionette" "--remote-debugging-port" "55702" "-no-remote" "-profile" "C:\\Users\\faros\\AppData\\Local\\Temp\\rust_mozprofileevC5s1"
1649765064125	Marionette	INFO	Marionette enabled
console.warn: SearchSettings: "get: No settings file exists, new profile?" (new NotFoundError("Could not open the file at C:\\Users\\faros\\AppData\\Local\\Temp\\rust_mozprofileevC5s1\\search.json.mozlz4", (void 0)))
DevTools listening on ws://localhost:55702/devtools/browser/f72c1f4b-71a7-4a06-96da-76f186c7c1d7
1649765065334	Marionette	INFO	Listening on port 55707
1649765065394	RemoteAgent	WARN	TLS certificate errors will be ignored for this session
1649765246069	geckodriver	INFO	Listening on 127.0.0.1:62463
1649765249188	mozrunner::runner	INFO	Running command: "C:\\Program Files\\Firefox Developer Edition\\firefox.exe" "--marionette" "--remote-debugging-port" "62464" "-no-remote" "-profile" "C:\\Users\\faros\\AppData\\Local\\Temp\\rust_mozprofileNRQPSq"
1649765249489	Marionette	INFO	Marionette enabled
console.warn: SearchSettings: "get: No settings file exists, new profile?" (new NotFoundError("Could not open the file at C:\\Users\\faros\\AppData\\Local\\Temp\\rust_mozprofileNRQPSq\\search.json.mozlz4", (void 0)))
DevTools listening on ws://localhost:62464/devtools/browser/db52ba91-a4db-4a40-be07-431872f8fc10
1649765250701	Marionette	INFO	Listening on port 62469
1649765250746	RemoteAgent	WARN	TLS certificate errors will be ignored for this session
console.warn: LoginRecipes: "getRecipes: falling back to a synchronous message for:" "https://lobby.ogame.gameforge.com"
1649765255199	Marionette	WARN	Ignoring event 'DOMContentLoaded' because document has an invalid readyState of 'complete'.
1649765257238	Marionette	WARN	Ignoring event 'DOMContentLoaded' because document has an invalid readyState of 'complete'.
JavaScript warning: https://s146-ru.ogame.gameforge.com:19753/socket.io/socket.io.js, line 0: https://s146-ru.ogame.gameforge.com:19753/socket.io/socket.io.js is being assigned a //# sourceMappingURL, but already has one
JavaScript warning: https://s146-ru.ogame.gameforge.com:19753/socket.io/socket.io.js, line 0: https://s146-ru.ogame.gameforge.com:19753/socket.io/socket.io.js is being assigned a //# sourceMappingURL, but already has one
1649766505489	geckodriver	INFO	Listening on 127.0.0.1:57587
1649766508619	mozrunner::runner	INFO	Running command: "C:\\Program Files\\Firefox Developer Edition\\firefox.exe" "--marionette" "--remote-debugging-port" "57588" "-no-remote" "-profile" "C:\\Users\\faros\\AppData\\Local\\Temp\\rust_mozprofile1CGWmh"
1649766508918	Marionette	INFO	Marionette enabled
console.warn: SearchSettings: "get: No settings file exists, new profile?" (new NotFoundError("Could not open the file at C:\\Users\\faros\\AppData\\Local\\Temp\\rust_mozprofile1CGWmh\\search.json.mozlz4", (void 0)))
DevTools listening on ws://localhost:57588/devtools/browser/187f583a-1a42-4e38-88fe-eed3ed90f252
1649766510123	Marionette	INFO	Listening on port 57593
1649766510159	RemoteAgent	WARN	TLS certificate errors will be ignored for this session
console.warn: LoginRecipes: "getRecipes: falling back to a synchronous message for:" "https://lobby.ogame.gameforge.com"
1649766514503	Marionette	WARN	Ignoring event 'DOMContentLoaded' because document has an invalid readyState of 'complete'.
JavaScript warning: https://s146-ru.ogame.gameforge.com:19753/socket.io/socket.io.js, line 0: https://s146-ru.ogame.gameforge.com:19753/socket.io/socket.io.js is being assigned a //# sourceMappingURL, but already has one
1649766841226	geckodriver	INFO	Listening on 127.0.0.1:59419
1649766844342	mozrunner::runner	INFO	Running command: "C:\\Program Files\\Firefox Developer Edition\\firefox.exe" "--marionette" "--remote-debugging-port" "59420" "-no-remote" "-profile" "C:\\Users\\faros\\AppData\\Local\\Temp\\rust_mozprofilezhr0G4"
1649766844642	Marionette	INFO	Marionette enabled
console.warn: SearchSettings: "get: No settings file exists, new profile?" (new NotFoundError("Could not open the file at C:\\Users\\faros\\AppData\\Local\\Temp\\rust_mozprofilezhr0G4\\search.json.mozlz4", (void 0)))
DevTools listening on ws://localhost:59420/devtools/browser/a4ed09b2-740d-42b4-b113-66952067b28a
1649766845851	Marionette	INFO	Listening on port 59425
1649766845897	RemoteAgent	WARN	TLS certificate errors will be ignored for this session
console.warn: LoginRecipes: "getRecipes: falling back to a synchronous message for:" "https://lobby.ogame.gameforge.com"
1649766850448	Marionette	WARN	Ignoring event 'DOMContentLoaded' because document has an invalid readyState of 'complete'.
JavaScript warning: https://s146-ru.ogame.gameforge.com:19753/socket.io/socket.io.js, line 0: https://s146-ru.ogame.gameforge.com:19753/socket.io/socket.io.js is being assigned a //# sourceMappingURL, but already has one
JavaScript warning: https://s146-ru.ogame.gameforge.com:19753/socket.io/socket.io.js, line 0: https://s146-ru.ogame.gameforge.com:19753/socket.io/socket.io.js is being assigned a //# sourceMappingURL, but already has one
JavaScript warning: https://s146-ru.ogame.gameforge.com:19753/socket.io/socket.io.js, line 0: https://s146-ru.ogame.gameforge.com:19753/socket.io/socket.io.js is being assigned a //# sourceMappingURL, but already has one
1649771496989	geckodriver	INFO	Listening on 127.0.0.1:50216
1649771500045	mozrunner::runner	INFO	Running command: "C:\\Program Files\\Firefox Developer Edition\\firefox.exe" "--marionette" "--remote-debugging-port" "50217" "-no-remote" "-profile" "C:\\Users\\faros\\AppData\\Local\\Temp\\rust_mozprofileOrRUj6"
1649771500347	Marionette	INFO	Marionette enabled
console.warn: SearchSettings: "get: No settings file exists, new profile?" (new NotFoundError("Could not open the file at C:\\Users\\faros\\AppData\\Local\\Temp\\rust_mozprofileOrRUj6\\search.json.mozlz4", (void 0)))
DevTools listening on ws://localhost:50217/devtools/browser/76c30996-a461-4490-bc8b-1de2050662d4
1649771501661	Marionette	INFO	Listening on port 50223
1649771502101	RemoteAgent	WARN	TLS certificate errors will be ignored for this session
console.warn: LoginRecipes: "getRecipes: falling back to a synchronous message for:" "https://lobby.ogame.gameforge.com"
1649771506308	Marionette	WARN	Ignoring event 'DOMContentLoaded' because document has an invalid readyState of 'complete'.
JavaScript warning: https://s146-ru.ogame.gameforge.com:19753/socket.io/socket.io.js, line 0: https://s146-ru.ogame.gameforge.com:19753/socket.io/socket.io.js is being assigned a //# sourceMappingURL, but already has one
JavaScript warning: https://s146-ru.ogame.gameforge.com:19753/socket.io/socket.io.js, line 0: https://s146-ru.ogame.gameforge.com:19753/socket.io/socket.io.js is being assigned a //# sourceMappingURL, but already has one
JavaScript warning: https://s146-ru.ogame.gameforge.com:19753/socket.io/socket.io.js, line 0: https://s146-ru.ogame.gameforge.com:19753/socket.io/socket.io.js is being assigned a //# sourceMappingURL, but already has one
JavaScript warning: https://s146-ru.ogame.gameforge.com:19753/socket.io/socket.io.js, line 0: https://s146-ru.ogame.gameforge.com:19753/socket.io/socket.io.js is being assigned a //# sourceMappingURL, but already has one
1649771598321	geckodriver	INFO	Listening on 127.0.0.1:50378
1649771601376	mozrunner::runner	INFO	Running command: "C:\\Program Files\\Firefox Developer Edition\\firefox.exe" "--marionette" "--remote-debugging-port" "50379" "-no-remote" "-profile" "C:\\Users\\faros\\AppData\\Local\\Temp\\rust_mozprofileNFbRD2"
1649771601667	Marionette	INFO	Marionette enabled
console.warn: SearchSettings: "get: No settings file exists, new profile?" (new NotFoundError("Could not open the file at C:\\Users\\faros\\AppData\\Local\\Temp\\rust_mozprofileNFbRD2\\search.json.mozlz4", (void 0)))
DevTools listening on ws://localhost:50379/devtools/browser/42f533a3-9d03-446b-9426-a1d88df2f2d5
1649771602950	Marionette	INFO	Listening on port 50384
1649771603426	RemoteAgent	WARN	TLS certificate errors will be ignored for this session
console.warn: LoginRecipes: "getRecipes: falling back to a synchronous message for:" "https://lobby.ogame.gameforge.com"
1649771607346	Marionette	WARN	Ignoring event 'DOMContentLoaded' because document has an invalid readyState of 'complete'.
JavaScript warning: https://s146-ru.ogame.gameforge.com:19753/socket.io/socket.io.js, line 0: https://s146-ru.ogame.gameforge.com:19753/socket.io/socket.io.js is being assigned a //# sourceMappingURL, but already has one
JavaScript warning: https://s146-ru.ogame.gameforge.com:19753/socket.io/socket.io.js, line 0: https://s146-ru.ogame.gameforge.com:19753/socket.io/socket.io.js is being assigned a //# sourceMappingURL, but already has one
JavaScript warning: https://s146-ru.ogame.gameforge.com:19753/socket.io/socket.io.js, line 0: https://s146-ru.ogame.gameforge.com:19753/socket.io/socket.io.js is being assigned a //# sourceMappingURL, but already has one
JavaScript warning: https://s146-ru.ogame.gameforge.com:19753/socket.io/socket.io.js, line 0: https://s146-ru.ogame.gameforge.com:19753/socket.io/socket.io.js is being assigned a //# sourceMappingURL, but already has one
JavaScript warning: https://s146-ru.ogame.gameforge.com:19753/socket.io/socket.io.js, line 0: https://s146-ru.ogame.gameforge.com:19753/socket.io/socket.io.js is being assigned a //# sourceMappingURL, but already has one
1649771664433	geckodriver	INFO	Listening on 127.0.0.1:63698
1649771667498	mozrunner::runner	INFO	Running command: "C:\\Program Files\\Firefox Developer Edition\\firefox.exe" "--marionette" "--remote-debugging-port" "63699" "-no-remote" "-profile" "C:\\Users\\faros\\AppData\\Local\\Temp\\rust_mozprofile2ZdLE4"
1649771667798	Marionette	INFO	Marionette enabled
console.warn: SearchSettings: "get: No settings file exists, new profile?" (new NotFoundError("Could not open the file at C:\\Users\\faros\\AppData\\Local\\Temp\\rust_mozprofile2ZdLE4\\search.json.mozlz4", (void 0)))
DevTools listening on ws://localhost:63699/devtools/browser/f6314663-b498-404c-b674-f9a2805308f7
1649771669115	Marionette	INFO	Listening on port 63704
1649771669540	RemoteAgent	WARN	TLS certificate errors will be ignored for this session
console.warn: LoginRecipes: "getRecipes: falling back to a synchronous message for:" "https://lobby.ogame.gameforge.com"
1649771672877	Marionette	WARN	Ignoring event 'DOMContentLoaded' because document has an invalid readyState of 'complete'.
JavaScript warning: https://s146-ru.ogame.gameforge.com:19753/socket.io/socket.io.js, line 0: https://s146-ru.ogame.gameforge.com:19753/socket.io/socket.io.js is being assigned a //# sourceMappingURL, but already has one
JavaScript warning: https://s146-ru.ogame.gameforge.com:19753/socket.io/socket.io.js, line 0: https://s146-ru.ogame.gameforge.com:19753/socket.io/socket.io.js is being assigned a //# sourceMappingURL, but already has one
JavaScript warning: https://s146-ru.ogame.gameforge.com:19753/socket.io/socket.io.js, line 0: https://s146-ru.ogame.gameforge.com:19753/socket.io/socket.io.js is being assigned a //# sourceMappingURL, but already has one
JavaScript warning: https://s146-ru.ogame.gameforge.com:19753/socket.io/socket.io.js, line 0: https://s146-ru.ogame.gameforge.com:19753/socket.io/socket.io.js is being assigned a //# sourceMappingURL, but already has one
JavaScript warning: https://s146-ru.ogame.gameforge.com:19753/socket.io/socket.io.js, line 0: https://s146-ru.ogame.gameforge.com:19753/socket.io/socket.io.js is being assigned a //# sourceMappingURL, but already has one
JavaScript warning: https://s146-ru.ogame.gameforge.com:19753/socket.io/socket.io.js, line 0: https://s146-ru.ogame.gameforge.com:19753/socket.io/socket.io.js is being assigned a //# sourceMappingURL, but already has one
JavaScript warning: https://s146-ru.ogame.gameforge.com:19753/socket.io/socket.io.js, line 0: https://s146-ru.ogame.gameforge.com:19753/socket.io/socket.io.js is being assigned a //# sourceMappingURL, but already has one
1649771878101	geckodriver	INFO	Listening on 127.0.0.1:63288
1649771881156	mozrunner::runner	INFO	Running command: "C:\\Program Files\\Firefox Developer Edition\\firefox.exe" "--marionette" "--remote-debugging-port" "63289" "-no-remote" "-profile" "C:\\Users\\faros\\AppData\\Local\\Temp\\rust_mozprofilegXLbI6"
1649771881449	Marionette	INFO	Marionette enabled
console.warn: SearchSettings: "get: No settings file exists, new profile?" (new NotFoundError("Could not open the file at C:\\Users\\faros\\AppData\\Local\\Temp\\rust_mozprofilegXLbI6\\search.json.mozlz4", (void 0)))
DevTools listening on ws://localhost:63289/devtools/browser/f3a595fd-cf0b-4358-a6b8-1aa572fbbd26
1649771882753	Marionette	INFO	Listening on port 63294
1649771883235	RemoteAgent	WARN	TLS certificate errors will be ignored for this session
console.warn: LoginRecipes: "getRecipes: falling back to a synchronous message for:" "https://lobby.ogame.gameforge.com"
1649771887458	Marionette	WARN	Ignoring event 'DOMContentLoaded' because document has an invalid readyState of 'complete'.
JavaScript warning: https://s146-ru.ogame.gameforge.com:19753/socket.io/socket.io.js, line 0: https://s146-ru.ogame.gameforge.com:19753/socket.io/socket.io.js is being assigned a //# sourceMappingURL, but already has one
JavaScript warning: https://s146-ru.ogame.gameforge.com:19753/socket.io/socket.io.js, line 0: https://s146-ru.ogame.gameforge.com:19753/socket.io/socket.io.js is being assigned a //# sourceMappingURL, but already has one
JavaScript warning: https://s146-ru.ogame.gameforge.com:19753/socket.io/socket.io.js, line 0: https://s146-ru.ogame.gameforge.com:19753/socket.io/socket.io.js is being assigned a //# sourceMappingURL, but already has one
1649772009708	geckodriver	INFO	Listening on 127.0.0.1:63444
1649772012769	mozrunner::runner	INFO	Running command: "C:\\Program Files\\Firefox Developer Edition\\firefox.exe" "--marionette" "--remote-debugging-port" "63445" "-no-remote" "-profile" "C:\\Users\\faros\\AppData\\Local\\Temp\\rust_mozprofileVj2JyP"
1649772013246	Marionette	INFO	Marionette enabled
console.warn: SearchSettings: "get: No settings file exists, new profile?" (new NotFoundError("Could not open the file at C:\\Users\\faros\\AppData\\Local\\Temp\\rust_mozprofileVj2JyP\\search.json.mozlz4", (void 0)))
DevTools listening on ws://localhost:63445/devtools/browser/14637126-1b9d-4c27-8b54-804af06d1d6a
1649772014542	Marionette	INFO	Listening on port 63450
1649772014832	RemoteAgent	WARN	TLS certificate errors will be ignored for this session
console.warn: LoginRecipes: "getRecipes: falling back to a synchronous message for:" "https://lobby.ogame.gameforge.com"
1649772018770	Marionette	WARN	Ignoring event 'DOMContentLoaded' because document has an invalid readyState of 'complete'.
JavaScript warning: https://s146-ru.ogame.gameforge.com:19753/socket.io/socket.io.js, line 0: https://s146-ru.ogame.gameforge.com:19753/socket.io/socket.io.js is being assigned a //# sourceMappingURL, but already has one
JavaScript warning: https://s146-ru.ogame.gameforge.com:19753/socket.io/socket.io.js, line 0: https://s146-ru.ogame.gameforge.com:19753/socket.io/socket.io.js is being assigned a //# sourceMappingURL, but already has one
JavaScript warning: https://s146-ru.ogame.gameforge.com:19753/socket.io/socket.io.js, line 0: https://s146-ru.ogame.gameforge.com:19753/socket.io/socket.io.js is being assigned a //# sourceMappingURL, but already has one
JavaScript warning: https://s146-ru.ogame.gameforge.com:19753/socket.io/socket.io.js, line 0: https://s146-ru.ogame.gameforge.com:19753/socket.io/socket.io.js is being assigned a //# sourceMappingURL, but already has one
JavaScript warning: https://s146-ru.ogame.gameforge.com:19753/socket.io/socket.io.js, line 0: https://s146-ru.ogame.gameforge.com:19753/socket.io/socket.io.js is being assigned a //# sourceMappingURL, but already has one
1649772139770	geckodriver	INFO	Listening on 127.0.0.1:59011
1649772142842	mozrunner::runner	INFO	Running command: "C:\\Program Files\\Firefox Developer Edition\\firefox.exe" "--marionette" "--remote-debugging-port" "59012" "-no-remote" "-profile" "C:\\Users\\faros\\AppData\\Local\\Temp\\rust_mozprofileMBZMhD"
1649772143134	Marionette	INFO	Marionette enabled
console.warn: SearchSettings: "get: No settings file exists, new profile?" (new NotFoundError("Could not open the file at C:\\Users\\faros\\AppData\\Local\\Temp\\rust_mozprofileMBZMhD\\search.json.mozlz4", (void 0)))
DevTools listening on ws://localhost:59012/devtools/browser/e109fcd3-151c-4cd6-bd0a-07637c433e64
1649772144527	Marionette	INFO	Listening on port 59017
1649772144885	RemoteAgent	WARN	TLS certificate errors will be ignored for this session
console.warn: LoginRecipes: "getRecipes: falling back to a synchronous message for:" "https://lobby.ogame.gameforge.com"
1649772150124	Marionette	WARN	Ignoring event 'DOMContentLoaded' because document has an invalid readyState of 'complete'.
1649772152212	Marionette	WARN	Ignoring event 'DOMContentLoaded' because document has an invalid readyState of 'complete'.
JavaScript warning: https://s146-ru.ogame.gameforge.com:19753/socket.io/socket.io.js, line 0: https://s146-ru.ogame.gameforge.com:19753/socket.io/socket.io.js is being assigned a //# sourceMappingURL, but already has one
JavaScript warning: https://s146-ru.ogame.gameforge.com:19753/socket.io/socket.io.js, line 0: https://s146-ru.ogame.gameforge.com:19753/socket.io/socket.io.js is being assigned a //# sourceMappingURL, but already has one
JavaScript warning: https://s146-ru.ogame.gameforge.com:19753/socket.io/socket.io.js, line 0: https://s146-ru.ogame.gameforge.com:19753/socket.io/socket.io.js is being assigned a //# sourceMappingURL, but already has one
JavaScript warning: https://s146-ru.ogame.gameforge.com:19753/socket.io/socket.io.js, line 0: https://s146-ru.ogame.gameforge.com:19753/socket.io/socket.io.js is being assigned a //# sourceMappingURL, but already has one
1649772254945	geckodriver	INFO	Listening on 127.0.0.1:59230
1649772257994	mozrunner::runner	INFO	Running command: "C:\\Program Files\\Firefox Developer Edition\\firefox.exe" "--marionette" "--remote-debugging-port" "59231" "-no-remote" "-profile" "C:\\Users\\faros\\AppData\\Local\\Temp\\rust_mozprofilelhx006"
1649772258287	Marionette	INFO	Marionette enabled
console.warn: SearchSettings: "get: No settings file exists, new profile?" (new NotFoundError("Could not open the file at C:\\Users\\faros\\AppData\\Local\\Temp\\rust_mozprofilelhx006\\search.json.mozlz4", (void 0)))
DevTools listening on ws://localhost:59231/devtools/browser/462f6cac-6ffd-4010-b647-fae9ba9de70d
1649772259662	Marionette	INFO	Listening on port 59236
1649772260066	RemoteAgent	WARN	TLS certificate errors will be ignored for this session
console.warn: LoginRecipes: "getRecipes: falling back to a synchronous message for:" "https://lobby.ogame.gameforge.com"
1649772264502	Marionette	WARN	Ignoring event 'DOMContentLoaded' because document has an invalid readyState of 'complete'.
1649772266525	Marionette	WARN	Ignoring event 'DOMContentLoaded' because document has an invalid readyState of 'complete'.
JavaScript error: https://gf3.geo.gfsrv.net/cdn86/df4b63bb08d9f50d489371846a47d2.js, line 422: TypeError: can't access property "appendChild", document.body is null
JavaScript warning: https://s146-ru.ogame.gameforge.com:19753/socket.io/socket.io.js, line 0: https://s146-ru.ogame.gameforge.com:19753/socket.io/socket.io.js is being assigned a //# sourceMappingURL, but already has one
JavaScript warning: https://s146-ru.ogame.gameforge.com:19753/socket.io/socket.io.js, line 0: https://s146-ru.ogame.gameforge.com:19753/socket.io/socket.io.js is being assigned a //# sourceMappingURL, but already has one
JavaScript warning: https://s146-ru.ogame.gameforge.com:19753/socket.io/socket.io.js, line 0: https://s146-ru.ogame.gameforge.com:19753/socket.io/socket.io.js is being assigned a //# sourceMappingURL, but already has one
JavaScript warning: https://s146-ru.ogame.gameforge.com:19753/socket.io/socket.io.js, line 0: https://s146-ru.ogame.gameforge.com:19753/socket.io/socket.io.js is being assigned a //# sourceMappingURL, but already has one
JavaScript warning: https://s146-ru.ogame.gameforge.com:19753/socket.io/socket.io.js, line 0: https://s146-ru.ogame.gameforge.com:19753/socket.io/socket.io.js is being assigned a //# sourceMappingURL, but already has one
1649772395581	geckodriver	INFO	Listening on 127.0.0.1:58757
1649772398636	mozrunner::runner	INFO	Running command: "C:\\Program Files\\Firefox Developer Edition\\firefox.exe" "--marionette" "--remote-debugging-port" "58758" "-no-remote" "-profile" "C:\\Users\\faros\\AppData\\Local\\Temp\\rust_mozprofileXrjzZ3"
1649772398932	Marionette	INFO	Marionette enabled
console.warn: SearchSettings: "get: No settings file exists, new profile?" (new NotFoundError("Could not open the file at C:\\Users\\faros\\AppData\\Local\\Temp\\rust_mozprofileXrjzZ3\\search.json.mozlz4", (void 0)))
DevTools listening on ws://localhost:58758/devtools/browser/252c51ff-99f8-4f3d-b60f-40b24fc42974
1649772400251	Marionette	INFO	Listening on port 58763
1649772400714	RemoteAgent	WARN	TLS certificate errors will be ignored for this session
console.warn: LoginRecipes: "getRecipes: falling back to a synchronous message for:" "https://lobby.ogame.gameforge.com"
1649772404520	Marionette	WARN	Ignoring event 'DOMContentLoaded' because document has an invalid readyState of 'complete'.
JavaScript warning: https://s146-ru.ogame.gameforge.com:19753/socket.io/socket.io.js, line 0: https://s146-ru.ogame.gameforge.com:19753/socket.io/socket.io.js is being assigned a //# sourceMappingURL, but already has one
JavaScript warning: https://s146-ru.ogame.gameforge.com:19753/socket.io/socket.io.js, line 0: https://s146-ru.ogame.gameforge.com:19753/socket.io/socket.io.js is being assigned a //# sourceMappingURL, but already has one
JavaScript warning: https://s146-ru.ogame.gameforge.com:19753/socket.io/socket.io.js, line 0: https://s146-ru.ogame.gameforge.com:19753/socket.io/socket.io.js is being assigned a //# sourceMappingURL, but already has one
1649772762639	geckodriver	INFO	Listening on 127.0.0.1:64204
1649772765682	mozrunner::runner	INFO	Running command: "C:\\Program Files\\Firefox Developer Edition\\firefox.exe" "--marionette" "--remote-debugging-port" "64205" "-no-remote" "-profile" "C:\\Users\\faros\\AppData\\Local\\Temp\\rust_mozprofilevXEQnx"
1649772765978	Marionette	INFO	Marionette enabled
console.warn: SearchSettings: "get: No settings file exists, new profile?" (new NotFoundError("Could not open the file at C:\\Users\\faros\\AppData\\Local\\Temp\\rust_mozprofilevXEQnx\\search.json.mozlz4", (void 0)))
DevTools listening on ws://localhost:64205/devtools/browser/fdf76270-957f-4349-a9e5-bb297024e949
1649772767311	Marionette	INFO	Listening on port 64211
1649772767732	RemoteAgent	WARN	TLS certificate errors will be ignored for this session
console.warn: LoginRecipes: "getRecipes: falling back to a synchronous message for:" "https://lobby.ogame.gameforge.com"
1649772771774	Marionette	WARN	Ignoring event 'DOMContentLoaded' because document has an invalid readyState of 'complete'.
JavaScript warning: https://s146-ru.ogame.gameforge.com:19753/socket.io/socket.io.js, line 0: https://s146-ru.ogame.gameforge.com:19753/socket.io/socket.io.js is being assigned a //# sourceMappingURL, but already has one
JavaScript warning: https://s146-ru.ogame.gameforge.com:19753/socket.io/socket.io.js, line 0: https://s146-ru.ogame.gameforge.com:19753/socket.io/socket.io.js is being assigned a //# sourceMappingURL, but already has one
JavaScript warning: https://s146-ru.ogame.gameforge.com:19753/socket.io/socket.io.js, line 0: https://s146-ru.ogame.gameforge.com:19753/socket.io/socket.io.js is being assigned a //# sourceMappingURL, but already has one
JavaScript warning: https://s146-ru.ogame.gameforge.com:19753/socket.io/socket.io.js, line 0: https://s146-ru.ogame.gameforge.com:19753/socket.io/socket.io.js is being assigned a //# sourceMappingURL, but already has one
1649772972316	geckodriver	INFO	Listening on 127.0.0.1:49775
1649772975376	mozrunner::runner	INFO	Running command: "C:\\Program Files\\Firefox Developer Edition\\firefox.exe" "--marionette" "--remote-debugging-port" "49776" "-no-remote" "-profile" "C:\\Users\\faros\\AppData\\Local\\Temp\\rust_mozprofileHofcOW"
1649772975669	Marionette	INFO	Marionette enabled
console.warn: SearchSettings: "get: No settings file exists, new profile?" (new NotFoundError("Could not open the file at C:\\Users\\faros\\AppData\\Local\\Temp\\rust_mozprofileHofcOW\\search.json.mozlz4", (void 0)))
DevTools listening on ws://localhost:49776/devtools/browser/2c0d3722-7881-4417-acfc-01ead761796a
1649772976949	Marionette	INFO	Listening on port 49781
1649772977429	RemoteAgent	WARN	TLS certificate errors will be ignored for this session
console.warn: LoginRecipes: "getRecipes: falling back to a synchronous message for:" "https://lobby.ogame.gameforge.com"
1649772980968	Marionette	WARN	Ignoring event 'DOMContentLoaded' because document has an invalid readyState of 'complete'.
JavaScript warning: https://s146-ru.ogame.gameforge.com:19753/socket.io/socket.io.js, line 0: https://s146-ru.ogame.gameforge.com:19753/socket.io/socket.io.js is being assigned a //# sourceMappingURL, but already has one
JavaScript warning: https://s146-ru.ogame.gameforge.com:19753/socket.io/socket.io.js, line 0: https://s146-ru.ogame.gameforge.com:19753/socket.io/socket.io.js is being assigned a //# sourceMappingURL, but already has one
JavaScript warning: https://s146-ru.ogame.gameforge.com:19753/socket.io/socket.io.js, line 0: https://s146-ru.ogame.gameforge.com:19753/socket.io/socket.io.js is being assigned a //# sourceMappingURL, but already has one
JavaScript warning: https://s146-ru.ogame.gameforge.com:19753/socket.io/socket.io.js, line 0: https://s146-ru.ogame.gameforge.com:19753/socket.io/socket.io.js is being assigned a //# sourceMappingURL, but already has one
1649773677214	geckodriver	INFO	Listening on 127.0.0.1:54584
1649773680290	mozrunner::runner	INFO	Running command: "C:\\Program Files\\Firefox Developer Edition\\firefox.exe" "--marionette" "--remote-debugging-port" "54585" "-no-remote" "-profile" "C:\\Users\\faros\\AppData\\Local\\Temp\\rust_mozprofilessB2NX"
1649773680592	Marionette	INFO	Marionette enabled
console.warn: SearchSettings: "get: No settings file exists, new profile?" (new NotFoundError("Could not open the file at C:\\Users\\faros\\AppData\\Local\\Temp\\rust_mozprofilessB2NX\\search.json.mozlz4", (void 0)))
DevTools listening on ws://localhost:54585/devtools/browser/7024c259-7dce-4677-8bfe-138ee4e3d665
1649773681910	Marionette	INFO	Listening on port 54590
1649773682348	RemoteAgent	WARN	TLS certificate errors will be ignored for this session
console.warn: LoginRecipes: "getRecipes: falling back to a synchronous message for:" "https://lobby.ogame.gameforge.com"
1649773686253	Marionette	WARN	Ignoring event 'DOMContentLoaded' because document has an invalid readyState of 'complete'.
1649773688284	Marionette	WARN	Ignoring event 'DOMContentLoaded' because document has an invalid readyState of 'complete'.
JavaScript warning: https://s146-ru.ogame.gameforge.com:19753/socket.io/socket.io.js, line 0: https://s146-ru.ogame.gameforge.com:19753/socket.io/socket.io.js is being assigned a //# sourceMappingURL, but already has one
JavaScript warning: https://s146-ru.ogame.gameforge.com:19753/socket.io/socket.io.js, line 0: https://s146-ru.ogame.gameforge.com:19753/socket.io/socket.io.js is being assigned a //# sourceMappingURL, but already has one
JavaScript warning: https://s146-ru.ogame.gameforge.com:19753/socket.io/socket.io.js, line 0: https://s146-ru.ogame.gameforge.com:19753/socket.io/socket.io.js is being assigned a //# sourceMappingURL, but already has one
JavaScript warning: https://s146-ru.ogame.gameforge.com:19753/socket.io/socket.io.js, line 0: https://s146-ru.ogame.gameforge.com:19753/socket.io/socket.io.js is being assigned a //# sourceMappingURL, but already has one
JavaScript warning: https://s146-ru.ogame.gameforge.com:19753/socket.io/socket.io.js, line 0: https://s146-ru.ogame.gameforge.com:19753/socket.io/socket.io.js is being assigned a //# sourceMappingURL, but already has one
JavaScript warning: https://s146-ru.ogame.gameforge.com:19753/socket.io/socket.io.js, line 0: https://s146-ru.ogame.gameforge.com:19753/socket.io/socket.io.js is being assigned a //# sourceMappingURL, but already has one
JavaScript warning: https://s146-ru.ogame.gameforge.com:19753/socket.io/socket.io.js, line 0: https://s146-ru.ogame.gameforge.com:19753/socket.io/socket.io.js is being assigned a //# sourceMappingURL, but already has one
JavaScript warning: https://s146-ru.ogame.gameforge.com:19753/socket.io/socket.io.js, line 0: https://s146-ru.ogame.gameforge.com:19753/socket.io/socket.io.js is being assigned a //# sourceMappingURL, but already has one
